[M::mm_idx_gen::0.001*1.56] collected minimizers
[M::mm_idx_gen::0.005*1.25] sorted minimizers
[M::main::0.005*1.25] loaded/built the index for 1 target sequence(s)
[M::mm_mapopt_update::0.005*1.23] mid_occ = 50
[M::mm_idx_stat] kmer size: 19; skip: 10; is_hpc: 0; #seq: 1
[M::mm_idx_stat::0.005*1.23] distinct minimizers: 5470 (99.98% are singletons); average occurrences: 1.003; average spacing: 5.453; total length: 29903
[M::worker_pipeline::0.011*1.16] mapped 1 sequences
[M::main] Version: 2.22-r1101
[M::main] CMD: minimap2 -c -x asm20 --end-bonus 100 -t 20 --cs /home/mart/covid/wastewater_analysis/genome_data/NC_045512.2 EPI_ISL_1011539.fa
[M::main] Real time: 0.012 sec; CPU: 0.014 sec; Peak RSS: 0.007 GB
29493 reference bases covered by exactly one contig
31 substitutions; ts/tv = 2.875
0 1bp deletions
0 1bp insertions
0 2bp deletions
0 2bp insertions
1 [3,50) deletions
1 [3,50) insertions
0 [50,1000) deletions
0 [50,1000) insertions
0 >=1000 deletions
0 >=1000 insertions
