[M::mm_idx_gen::0.001*1.68] collected minimizers
[M::mm_idx_gen::0.002*3.52] sorted minimizers
[M::main::0.002*3.52] loaded/built the index for 1 target sequence(s)
[M::mm_mapopt_update::0.002*3.31] mid_occ = 50
[M::mm_idx_stat] kmer size: 19; skip: 10; is_hpc: 0; #seq: 1
[M::mm_idx_stat::0.002*3.17] distinct minimizers: 5470 (99.98% are singletons); average occurrences: 1.003; average spacing: 5.453; total length: 29903
[M::worker_pipeline::0.007*1.68] mapped 1 sequences
[M::main] Version: 2.22-r1101
[M::main] CMD: minimap2 -c -x asm20 --end-bonus 100 -t 20 --cs /home/mart/covid/wastewater_analysis/genome_data/NC_045512.2 EPI_ISL_3321620.fa
[M::main] Real time: 0.007 sec; CPU: 0.012 sec; Peak RSS: 0.007 GB
29836 reference bases covered by exactly one contig
30 substitutions; ts/tv = 5.000
1 1bp deletions
0 1bp insertions
0 2bp deletions
0 2bp insertions
2 [3,50) deletions
0 [3,50) insertions
0 [50,1000) deletions
0 [50,1000) insertions
0 >=1000 deletions
0 >=1000 insertions
