[M::mm_idx_gen::0.001*1.62] collected minimizers
[M::mm_idx_gen::0.002*3.89] sorted minimizers
[M::main::0.002*3.88] loaded/built the index for 1 target sequence(s)
[M::mm_mapopt_update::0.002*3.63] mid_occ = 50
[M::mm_idx_stat] kmer size: 19; skip: 10; is_hpc: 0; #seq: 1
[M::mm_idx_stat::0.002*3.46] distinct minimizers: 5470 (99.98% are singletons); average occurrences: 1.003; average spacing: 5.453; total length: 29903
[M::worker_pipeline::0.007*1.76] mapped 1 sequences
[M::main] Version: 2.22-r1101
[M::main] CMD: minimap2 -c -x asm20 --end-bonus 100 -t 20 --cs /home/mart/covid/wastewater_analysis/genome_data/NC_045512.2 EPI_ISL_1318931.fa
[M::main] Real time: 0.007 sec; CPU: 0.013 sec; Peak RSS: 0.008 GB
29831 reference bases covered by exactly one contig
21 substitutions; ts/tv = 2.000
0 1bp deletions
0 1bp insertions
0 2bp deletions
0 2bp insertions
1 [3,50) deletions
0 [3,50) insertions
0 [50,1000) deletions
0 [50,1000) insertions
0 >=1000 deletions
0 >=1000 insertions
